Building DAG of jobs...
Using shell: /usr/bin/bash
Provided cores: 8
Rules claiming more threads will be scaled down.
Job stats:
job                count
---------------  -------
revcomp_primers        1
total                  1

Select jobs to execute...

[Fri May  8 14:41:43 2026]
rule revcomp_primers:
    input: primers/fwd_primers.fasta, primers/rev_primers.fasta
    output: primers/fwd_rc.fasta, primers/rev_rc.fasta
    jobid: 0
    reason: Missing output files: primers/fwd_rc.fasta, primers/rev_rc.fasta
    resources: tmpdir=/tmp

[Fri May  8 14:41:43 2026]
Finished job 0.
1 of 1 steps (100%) done
Removing temporary output primers/fwd_rc.fasta.
Removing temporary output primers/rev_rc.fasta.
Complete log: .snakemake/log/2026-05-08T144142.925350.snakemake.log
